imagepicker/build/intermediates/manifest_merge_blame_file/debug/manifest-merger-blame-debug-report.txt
1<?xml version="1.0" encoding="utf-8"?>
2<manifest xmlns:android="http://schemas.android.com/apk/res/android"
3    package="com.esafirm.imagepicker" >
4
5    <uses-sdk
6        android:minSdkVersion="21"
6-->src\main\AndroidManifest.xml
7        android:targetSdkVersion="29" />
7-->src\main\AndroidManifest.xml
8
9    <uses-permission android:name="android.permission.READ_EXTERNAL_STORAGE" />
9-->src\main\AndroidManifest.xml:5:5-80
9-->src\main\AndroidManifest.xml:5:22-77
10    <uses-permission
10-->src\main\AndroidManifest.xml:6:5-108
11        android:name="android.permission.WRITE_EXTERNAL_STORAGE"
11-->src\main\AndroidManifest.xml:6:22-78
12        android:maxSdkVersion="28" />
12-->src\main\AndroidManifest.xml:6:79-105
13
14    <application>
14-->src\main\AndroidManifest.xml:8:5-24:19
15        <activity
15-->src\main\AndroidManifest.xml:9:9-12:50
16            android:name="com.esafirm.imagepicker.features.ImagePickerActivity"
16-->src\main\AndroidManifest.xml:10:13-80
17            android:configChanges="orientation|screenSize"
17-->src\main\AndroidManifest.xml:11:13-59
18            android:theme="@style/ef_AppTheme" />
18-->src\main\AndroidManifest.xml:12:13-47
19
20        <provider
20-->src\main\AndroidManifest.xml:14:9-22:20
21            android:name="com.esafirm.imagepicker.helper.ImagePickerFileProvider"
21-->src\main\AndroidManifest.xml:15:13-59
22            android:authorities="${applicationId}.imagepicker.provider"
22-->src\main\AndroidManifest.xml:16:13-72
23            android:exported="false"
23-->src\main\AndroidManifest.xml:17:13-37
24            android:grantUriPermissions="true" >
24-->src\main\AndroidManifest.xml:18:13-47
25            <meta-data
25-->src\main\AndroidManifest.xml:19:13-21:71
26                android:name="android.support.FILE_PROVIDER_PATHS"
26-->src\main\AndroidManifest.xml:20:17-67
27                android:resource="@xml/image_picker_provider_paths" />
27-->src\main\AndroidManifest.xml:21:17-68
28        </provider>
29    </application>
30
31</manifest>